<?xml version="1.0" encoding="UTF-8"?>
<testsuite xmlns:xsi="http://www.w3.org/2001/XMLSchema-instance" xsi:noNamespaceSchemaLocation="https://maven.apache.org/surefire/maven-surefire-plugin/xsd/surefire-test-report-3.0.xsd" version="3.0" name="com.andrea.devops.ApplicationTests" time="18.741" tests="4" errors="0" skipped="0" failures="0">
  <properties>
[...]
</properties>
  <testcase name="healthEndpointReturnsJson" classname="com.andrea.devops.ApplicationTests" time="4.244">
    <system-out><![CDATA[13:10:59.977 [main] INFO org.springframework.test.context.support.AnnotationConfigContextLoaderUtils -- Could not detect default configuration classes for test class [com.andrea.devops.ApplicationTests]: ApplicationTests does not declare any static, non-private, non-final, nested classes annotated with @Configuration.
13:11:00.485 [main] INFO org.springframework.boot.test.context.SpringBootTestContextBootstrapper -- Found @SpringBootConfiguration com.andrea.devops.Application for test class com.andrea.devops.ApplicationTests

  .   ____          _            __ _ _
 /\\ / ___'_ __ _ _(_)_ __  __ _ \ \ \ \
( ( )\___ | '_ | '_| | '_ \/ _` | \ \ \ \
 \\/  ___)| |_)| | | | | || (_| |  ) ) ) )
  '  |____| .__|_| |_|_| |_\__, | / / / /
 =========|_|==============|___/=/_/_/_/
 :: Spring Boot ::                (v3.2.0)

2026-05-27T13:11:02.522-04:00  INFO 19992 --- [           main] com.andrea.devops.ApplicationTests       : Starting ApplicationTests using Java 17.0.12 with PID 19992 (started by Andrea in C:\Users\Andrea\Documents\AWS-Despliegue101\01-traditional-flow\java-app)
2026-05-27T13:11:02.528-04:00  INFO 19992 --- [           main] com.andrea.devops.ApplicationTests       : No active profile set, falling back to 1 default profile: "default"
2026-05-27T13:11:09.483-04:00  INFO 19992 --- [           main] o.s.b.w.embedded.tomcat.TomcatWebServer  : Tomcat initialized with port 0 (http)
2026-05-27T13:11:09.537-04:00  INFO 19992 --- [           main] o.apache.catalina.core.StandardService   : Starting service [Tomcat]
2026-05-27T13:11:09.539-04:00  INFO 19992 --- [           main] o.apache.catalina.core.StandardEngine    : Starting Servlet engine: [Apache Tomcat/10.1.16]
2026-05-27T13:11:09.841-04:00  INFO 19992 --- [           main] o.a.c.c.C.[Tomcat].[localhost].[/]       : Initializing Spring embedded WebApplicationContext
2026-05-27T13:11:09.847-04:00  INFO 19992 --- [           main] w.s.c.ServletWebServerApplicationContext : Root WebApplicationContext: initialization completed in 7181 ms
2026-05-27T13:11:10.415-04:00  INFO 19992 --- [           main] o.s.b.a.w.s.WelcomePageHandlerMapping    : Adding welcome page: class path resource [static/index.html]
2026-05-27T13:11:13.150-04:00  INFO 19992 --- [           main] o.s.b.w.embedded.tomcat.TomcatWebServer  : Tomcat started on port 55859 (http) with context path ''
2026-05-27T13:11:13.178-04:00  INFO 19992 --- [           main] com.andrea.devops.ApplicationTests       : Started ApplicationTests in 11.91 seconds (process running for 17.228)
2026-05-27T13:11:16.815-04:00  INFO 19992 --- [o-auto-1-exec-1] o.a.c.c.C.[Tomcat].[localhost].[/]       : Initializing Spring DispatcherServlet 'dispatcherServlet'
2026-05-27T13:11:16.816-04:00  INFO 19992 --- [o-auto-1-exec-1] o.s.web.servlet.DispatcherServlet        : Initializing Servlet 'dispatcherServlet'
2026-05-27T13:11:16.818-04:00  INFO 19992 --- [o-auto-1-exec-1] o.s.web.servlet.DispatcherServlet        : Completed initialization in 1 ms
]]></system-out>
  </testcase>
  <testcase name="healthEndpointReturns200" classname="com.andrea.devops.ApplicationTests" time="0.023"/>
  <testcase name="contextLoads" classname="com.andrea.devops.ApplicationTests" time="0.01"/>
  <testcase name="healthEndpointReturnsCorrectBody" classname="com.andrea.devops.ApplicationTests" time="0.413"/>
</testsuite>